2025-08-31 09:28:37.071 [info] [main] Log level: Info
2025-08-31 09:28:37.071 [info] [main] Validating found git in: "git"
2025-08-31 09:28:37.071 [info] [main] Using git "2.43.0" from "git"
2025-08-31 09:28:37.071 [info] [Model][doInitialScan] Initial repository scan started
2025-08-31 09:28:37.071 [info] > git rev-parse --show-toplevel [2ms]
2025-08-31 09:28:37.071 [info] fatal: not a git repository (or any parent up to mount point /)
Stopping at filesystem boundary (GIT_DISCOVERY_ACROSS_FILESYSTEM not set).
2025-08-31 09:28:37.071 [info] > git rev-parse --show-toplevel [2ms]
2025-08-31 09:28:37.071 [info] fatal: not a git repository (or any parent up to mount point /)
Stopping at filesystem boundary (GIT_DISCOVERY_ACROSS_FILESYSTEM not set).
2025-08-31 09:28:37.071 [info] > git rev-parse --show-toplevel [2ms]
2025-08-31 09:28:37.071 [info] fatal: not a git repository (or any parent up to mount point /)
Stopping at filesystem boundary (GIT_DISCOVERY_ACROSS_FILESYSTEM not set).
2025-08-31 09:28:37.071 [info] > git rev-parse --show-toplevel [2ms]
2025-08-31 09:28:37.071 [info] fatal: not a git repository (or any parent up to mount point /)
Stopping at filesystem boundary (GIT_DISCOVERY_ACROSS_FILESYSTEM not set).
2025-08-31 09:28:37.071 [info] > git rev-parse --show-toplevel [2ms]
2025-08-31 09:28:37.071 [info] fatal: not a git repository (or any parent up to mount point /)
Stopping at filesystem boundary (GIT_DISCOVERY_ACROSS_FILESYSTEM not set).
2025-08-31 09:28:37.071 [info] > git rev-parse --show-toplevel [1ms]
2025-08-31 09:28:37.071 [info] fatal: not a git repository (or any parent up to mount point /)
Stopping at filesystem boundary (GIT_DISCOVERY_ACROSS_FILESYSTEM not set).
2025-08-31 09:28:37.071 [info] > git rev-parse --show-toplevel [1ms]
2025-08-31 09:28:37.072 [info] fatal: not a git repository (or any parent up to mount point /)
Stopping at filesystem boundary (GIT_DISCOVERY_ACROSS_FILESYSTEM not set).
2025-08-31 09:28:37.072 [info] > git rev-parse --show-toplevel [3ms]
2025-08-31 09:28:37.072 [info] fatal: not a git repository (or any parent up to mount point /)
Stopping at filesystem boundary (GIT_DISCOVERY_ACROSS_FILESYSTEM not set).
2025-08-31 09:28:37.072 [info] > git rev-parse --show-toplevel [5ms]
2025-08-31 09:28:37.072 [info] fatal: not a git repository (or any parent up to mount point /)
Stopping at filesystem boundary (GIT_DISCOVERY_ACROSS_FILESYSTEM not set).
2025-08-31 09:28:37.072 [info] [Model][doInitialScan] Initial repository scan completed - repositories (0), closed repositories (0), parent repositories (0), unsafe repositories (0)
2025-08-31 09:28:38.766 [info] > git rev-parse --show-toplevel [2ms]
2025-08-31 09:28:38.766 [info] fatal: not a git repository (or any parent up to mount point /)
Stopping at filesystem boundary (GIT_DISCOVERY_ACROSS_FILESYSTEM not set).
2025-08-31 09:28:38.939 [info] > git rev-parse --show-toplevel [24ms]
2025-08-31 09:28:38.939 [info] fatal: not a git repository (or any parent up to mount point /)
Stopping at filesystem boundary (GIT_DISCOVERY_ACROSS_FILESYSTEM not set).
2025-08-31 09:29:53.824 [info] > git rev-parse --show-toplevel [14ms]
2025-08-31 09:29:53.824 [info] fatal: not a git repository (or any parent up to mount point /)
Stopping at filesystem boundary (GIT_DISCOVERY_ACROSS_FILESYSTEM not set).
2025-08-31 09:30:01.724 [info] > git rev-parse --show-toplevel [9ms]
2025-08-31 09:30:01.724 [info] fatal: not a git repository (or any parent up to mount point /)
Stopping at filesystem boundary (GIT_DISCOVERY_ACROSS_FILESYSTEM not set).
2025-08-31 09:30:05.299 [info] > git rev-parse --show-toplevel [4ms]
2025-08-31 09:30:05.299 [info] fatal: not a git repository (or any parent up to mount point /)
Stopping at filesystem boundary (GIT_DISCOVERY_ACROSS_FILESYSTEM not set).
