2025-08-31 08:42:40.602 [info] [main] Log level: Info
2025-08-31 08:42:40.602 [info] [main] Validating found git in: "git"
2025-08-31 08:42:40.602 [info] [main] Using git "2.43.0" from "git"
2025-08-31 08:42:40.602 [info] [Model][doInitialScan] Initial repository scan started
2025-08-31 08:42:40.602 [info] > git rev-parse --show-toplevel [5ms]
2025-08-31 08:42:40.602 [info] fatal: not a git repository (or any parent up to mount point /)
Stopping at filesystem boundary (GIT_DISCOVERY_ACROSS_FILESYSTEM not set).
2025-08-31 08:42:40.602 [info] > git rev-parse --show-toplevel [2ms]
2025-08-31 08:42:40.602 [info] fatal: not a git repository (or any parent up to mount point /)
Stopping at filesystem boundary (GIT_DISCOVERY_ACROSS_FILESYSTEM not set).
2025-08-31 08:42:40.602 [info] > git rev-parse --show-toplevel [4ms]
2025-08-31 08:42:40.602 [info] fatal: not a git repository (or any parent up to mount point /)
Stopping at filesystem boundary (GIT_DISCOVERY_ACROSS_FILESYSTEM not set).
2025-08-31 08:42:40.602 [info] > git rev-parse --show-toplevel [5ms]
2025-08-31 08:42:40.602 [info] fatal: not a git repository (or any parent up to mount point /)
Stopping at filesystem boundary (GIT_DISCOVERY_ACROSS_FILESYSTEM not set).
2025-08-31 08:42:40.603 [info] > git rev-parse --show-toplevel [3ms]
2025-08-31 08:42:40.603 [info] fatal: not a git repository (or any parent up to mount point /)
Stopping at filesystem boundary (GIT_DISCOVERY_ACROSS_FILESYSTEM not set).
2025-08-31 08:42:40.612 [info] > git rev-parse --show-toplevel [3ms]
2025-08-31 08:42:40.612 [info] fatal: not a git repository (or any parent up to mount point /)
Stopping at filesystem boundary (GIT_DISCOVERY_ACROSS_FILESYSTEM not set).
2025-08-31 08:42:40.618 [info] > git rev-parse --show-toplevel [2ms]
2025-08-31 08:42:40.618 [info] fatal: not a git repository (or any parent up to mount point /)
Stopping at filesystem boundary (GIT_DISCOVERY_ACROSS_FILESYSTEM not set).
2025-08-31 08:42:40.624 [info] > git rev-parse --show-toplevel [2ms]
2025-08-31 08:42:40.624 [info] fatal: not a git repository (or any parent up to mount point /)
Stopping at filesystem boundary (GIT_DISCOVERY_ACROSS_FILESYSTEM not set).
2025-08-31 08:42:40.625 [info] [Model][doInitialScan] Initial repository scan completed - repositories (0), closed repositories (0), parent repositories (0), unsafe repositories (0)
2025-08-31 08:42:47.403 [info] > git rev-parse --show-toplevel [16ms]
2025-08-31 08:42:47.403 [info] fatal: not a git repository (or any parent up to mount point /)
Stopping at filesystem boundary (GIT_DISCOVERY_ACROSS_FILESYSTEM not set).
2025-08-31 08:42:47.559 [info] > git rev-parse --show-toplevel [144ms]
2025-08-31 08:42:47.559 [info] fatal: not a git repository (or any parent up to mount point /)
Stopping at filesystem boundary (GIT_DISCOVERY_ACROSS_FILESYSTEM not set).
