Initializing document watcher...
Document watcher initialized
praveenhonuka672/MisInfomation.py: {}
praveenhonuka672/MisInfomation.py: {}
/User/settings.json: Using EditorConfig core...
praveenhonuka672/MisInfomation.py: {}
praveenhonuka672/MisInfomation.py: {}
praveenhonuka672/MisInfomation.py: {}
praveenhonuka672/MisInfomation.py: {}
praveenhonuka672/MisInfomation.py: Using EditorConfig core...
praveenhonuka672/MisInfomation.py: Using EditorConfig core...
praveenhonuka672/MisInfomation.py: Using EditorConfig core...
praveenhonuka672/MisInfomation.py: Using EditorConfig core...
praveenhonuka672/MisInfomation.py: Using EditorConfig core...
praveenhonuka672/MisInfomation.py: {}
praveenhonuka672/PorjectINFO.txt: {}
praveenhonuka672/PorjectINFO.txt: Using EditorConfig core...
praveenhonuka672/PorjectINFO.txt: Using EditorConfig core...
praveenhonuka672/PorjectINFO.txt: Using EditorConfig core...
praveenhonuka672/PorjectINFO.txt: Using EditorConfig core...
praveenhonuka672/PorjectINFO.txt: Using EditorConfig core...
praveenhonuka672/PorjectINFO.txt: Using EditorConfig core...
praveenhonuka672/PorjectINFO.txt: Using EditorConfig core...
praveenhonuka672/PorjectINFO.txt: Using EditorConfig core...
praveenhonuka672/PorjectINFO.txt: Using EditorConfig core...
praveenhonuka672/PorjectINFO.txt: Using EditorConfig core...
praveenhonuka672/PorjectINFO.txt: Using EditorConfig core...
praveenhonuka672/PorjectINFO.txt: Using EditorConfig core...
praveenhonuka672/PorjectINFO.txt: Using EditorConfig core...
praveenhonuka672/PorjectINFO.txt: Using EditorConfig core...
praveenhonuka672/PorjectINFO.txt: Using EditorConfig core...
praveenhonuka672/PorjectINFO.txt: Using EditorConfig core...
praveenhonuka672/PorjectINFO.txt: Using EditorConfig core...
praveenhonuka672/PorjectINFO.txt: Using EditorConfig core...
praveenhonuka672/PorjectINFO.txt: Using EditorConfig core...
praveenhonuka672/PorjectINFO.txt: Using EditorConfig core...
praveenhonuka672/PorjectINFO.txt: Using EditorConfig core...
praveenhonuka672/PorjectINFO.txt: Using EditorConfig core...
praveenhonuka672/PorjectINFO.txt: Using EditorConfig core...
praveenhonuka672/PorjectINFO.txt: Using EditorConfig core...
praveenhonuka672/PorjectINFO.txt: Using EditorConfig core...
praveenhonuka672/PorjectINFO.txt: Using EditorConfig core...
praveenhonuka672/MisInfomation.py: {}
praveenhonuka672/MisInfomation.py: {}
praveenhonuka672/MisInfomation.py: {}
praveenhonuka672/MisInfomation.py: {}
praveenhonuka672/MisInfomation.py: {}
praveenhonuka672/MisInfomation.py: {}
praveenhonuka672/MisInfomation.py: {}
praveenhonuka672/MisInfomation.py: {}
