2025-09-04 18:02:17.090 [info] [main] Log level: Info
2025-09-04 18:02:17.090 [info] [main] Validating found git in: "git"
2025-09-04 18:02:17.090 [info] [main] Using git "2.43.0" from "git"
2025-09-04 18:02:17.090 [info] [Model][doInitialScan] Initial repository scan started
2025-09-04 18:02:17.090 [info] > git rev-parse --show-toplevel [155ms]
2025-09-04 18:02:17.090 [info] > git rev-parse --git-dir --git-common-dir [24ms]
2025-09-04 18:02:17.090 [info] [Model][openRepository] Opened repository (path): /home/praveenhonuka672
2025-09-04 18:02:17.090 [info] [Model][openRepository] Opened repository (real path): /home/praveenhonuka672
2025-09-04 18:02:17.090 [info] > git config --get commit.template [30ms]
2025-09-04 18:02:17.121 [info] > git rev-parse --show-toplevel [3ms]
2025-09-04 18:02:17.132 [info] > git rev-parse --show-toplevel [4ms]
2025-09-04 18:02:17.141 [info] > git rev-parse --show-toplevel [2ms]
2025-09-04 18:02:17.152 [info] > git rev-parse --show-toplevel [3ms]
2025-09-04 18:02:17.165 [info] > git rev-parse --show-toplevel [6ms]
2025-09-04 18:02:17.186 [info] > git rev-parse --show-toplevel [13ms]
2025-09-04 18:02:17.195 [info] > git rev-parse --show-toplevel [2ms]
2025-09-04 18:02:17.204 [info] > git rev-parse --show-toplevel [2ms]
2025-09-04 18:02:17.214 [info] > git rev-parse --show-toplevel [2ms]
2025-09-04 18:02:17.223 [info] > git rev-parse --show-toplevel [2ms]
2025-09-04 18:02:17.223 [info] [Model][doInitialScan] Initial repository scan completed - repositories (1), closed repositories (0), parent repositories (0), unsafe repositories (0)
2025-09-04 18:02:17.301 [info] > git for-each-ref --format=%(refname)%00%(upstream:short)%00%(objectname)%00%(upstream:track)%00%(upstream:remotename)%00%(upstream:remoteref) refs/heads/main refs/remotes/main [197ms]
2025-09-04 18:02:17.322 [info] > git for-each-ref --sort -committerdate --format %(refname)%00%(objectname)%00%(*objectname) [3ms]
2025-09-04 18:02:17.437 [info] > git status -z -uall [126ms]
2025-09-04 18:02:17.468 [info] > git for-each-ref --format=%(refname)%00%(upstream:short)%00%(objectname)%00%(upstream:track)%00%(upstream:remotename)%00%(upstream:remoteref) refs/heads/main refs/remotes/main [13ms]
2025-09-04 18:02:17.478 [info] > git config --get commit.template [11ms]
2025-09-04 18:02:17.479 [info] > git config --get --local branch.main.vscode-merge-base [3ms]
2025-09-04 18:02:17.479 [warning] [Git][config] git config failed: Failed to execute git
2025-09-04 18:02:17.497 [info] > git reflog main --grep-reflog=branch: Created from *. [10ms]
2025-09-04 18:02:17.506 [info] > git for-each-ref --format=%(refname)%00%(upstream:short)%00%(objectname)%00%(upstream:track)%00%(upstream:remotename)%00%(upstream:remoteref) refs/heads/main refs/remotes/main [9ms]
2025-09-04 18:02:17.532 [info] > git symbolic-ref --short refs/remotes/origin/HEAD [26ms]
2025-09-04 18:02:17.532 [info] fatal: ref refs/remotes/origin/HEAD is not a symbolic ref
2025-09-04 18:02:17.532 [warning] [Repository][getDefaultBranch] Failed to get default branch details: Failed to execute git.
2025-09-04 18:02:17.555 [info] > git merge-base refs/heads/main refs/remotes/origin/main [15ms]
2025-09-04 18:02:17.563 [info] > git for-each-ref --sort -committerdate --format %(refname)%00%(objectname)%00%(*objectname) [33ms]
2025-09-04 18:02:17.569 [info] > git diff --name-status -z --diff-filter=ADMR 09ca1979ab49db7de226b2c825f951138add85e5...refs/remotes/origin/main [7ms]
2025-09-04 18:02:17.584 [info] > git status -z -uall [70ms]
2025-09-04 18:02:19.487 [info] > git check-ignore -v -z --stdin [8ms]
2025-09-04 18:02:21.315 [info] > git config --get commit.template [3ms]
2025-09-04 18:02:21.330 [info] > git for-each-ref --format=%(refname)%00%(upstream:short)%00%(objectname)%00%(upstream:track)%00%(upstream:remotename)%00%(upstream:remoteref) refs/heads/main refs/remotes/main [4ms]
2025-09-04 18:02:21.367 [info] > git for-each-ref --sort -committerdate --format %(refname)%00%(objectname)%00%(*objectname) [4ms]
2025-09-04 18:02:21.421 [info] > git status -z -uall [77ms]
2025-09-04 18:02:26.451 [info] > git config --get commit.template [11ms]
2025-09-04 18:02:26.452 [info] > git for-each-ref --format=%(refname)%00%(upstream:short)%00%(objectname)%00%(upstream:track)%00%(upstream:remotename)%00%(upstream:remoteref) refs/heads/main refs/remotes/main [3ms]
2025-09-04 18:02:26.480 [info] > git for-each-ref --sort -committerdate --format %(refname)%00%(objectname)%00%(*objectname) [3ms]
2025-09-04 18:02:26.536 [info] > git status -z -uall [73ms]
2025-09-04 18:02:31.565 [info] > git config --get commit.template [12ms]
2025-09-04 18:02:31.567 [info] > git for-each-ref --format=%(refname)%00%(upstream:short)%00%(objectname)%00%(upstream:track)%00%(upstream:remotename)%00%(upstream:remoteref) refs/heads/main refs/remotes/main [3ms]
2025-09-04 18:02:31.596 [info] > git for-each-ref --sort -committerdate --format %(refname)%00%(objectname)%00%(*objectname) [4ms]
2025-09-04 18:02:31.646 [info] > git status -z -uall [68ms]
2025-09-04 18:02:39.512 [info] > git config --get commit.template [8ms]
2025-09-04 18:02:39.513 [info] > git for-each-ref --format=%(refname)%00%(upstream:short)%00%(objectname)%00%(upstream:track)%00%(upstream:remotename)%00%(upstream:remoteref) refs/heads/main refs/remotes/main [2ms]
2025-09-04 18:02:39.537 [info] > git for-each-ref --sort -committerdate --format %(refname)%00%(objectname)%00%(*objectname) [2ms]
2025-09-04 18:02:39.587 [info] > git status -z -uall [66ms]
2025-09-04 18:02:46.199 [info] > git config --get commit.template [10ms]
2025-09-04 18:02:46.200 [info] > git for-each-ref --format=%(refname)%00%(upstream:short)%00%(objectname)%00%(upstream:track)%00%(upstream:remotename)%00%(upstream:remoteref) refs/heads/main refs/remotes/main [3ms]
2025-09-04 18:02:46.228 [info] > git for-each-ref --sort -committerdate --format %(refname)%00%(objectname)%00%(*objectname) [2ms]
2025-09-04 18:02:46.290 [info] > git status -z -uall [80ms]
2025-09-04 18:02:51.314 [info] > git config --get commit.template [2ms]
2025-09-04 18:02:51.324 [info] > git for-each-ref --format=%(refname)%00%(upstream:short)%00%(objectname)%00%(upstream:track)%00%(upstream:remotename)%00%(upstream:remoteref) refs/heads/main refs/remotes/main [1ms]
2025-09-04 18:02:51.354 [info] > git for-each-ref --sort -committerdate --format %(refname)%00%(objectname)%00%(*objectname) [5ms]
2025-09-04 18:02:51.424 [info] > git status -z -uall [90ms]
2025-09-04 18:03:06.643 [info] > git config --get commit.template [10ms]
2025-09-04 18:03:06.644 [info] > git for-each-ref --format=%(refname)%00%(upstream:short)%00%(objectname)%00%(upstream:track)%00%(upstream:remotename)%00%(upstream:remoteref) refs/heads/main refs/remotes/main [2ms]
2025-09-04 18:03:06.667 [info] > git for-each-ref --sort -committerdate --format %(refname)%00%(objectname)%00%(*objectname) [2ms]
2025-09-04 18:03:06.720 [info] > git status -z -uall [68ms]
